
**** Build of configuration Debug for project 15-ice-queues ****

"C:\\ti\\ccs1200\\ccs\\utils\\bin\\gmake" -k -j 12 all -O 
 
Building file: "C:/Users/bsqua/workspace_v12/Source/croutine.c"
Invoking: Arm Compiler
"C:/ti/ccs1200/ccs/tools/compiler/ti-cgt-arm_20.2.6.LTS/bin/armcl" -mv7M4 --code_state=16 --float_support=FPv4SPD16 -me --include_path="C:/ti/ccs1200/ccs/ccs_base/arm/include" --include_path="C:/ti/ccs1200/ccs/ccs_base/arm/include/CMSIS" --include_path="C:/ti/ccs1200/ccs/tools/compiler/ti-cgt-arm_20.2.6.LTS/include" --include_path="C:/Users/bsqua/workspace_v12/Source/include" --include_path="C:/Users/bsqua/workspace_v12/Source/portable/CCS/ARM_CM4F" --include_path="C:/Users/bsqua/workspace_v12/15-ice-queues" --advice:power=all --define=__MSP432P401R__ --define=ccs -g --gcc --diag_warning=225 --diag_wrap=off --display_error_number --abi=eabi --preproc_with_compile --preproc_dependency="FreeRTOS/croutine.d_raw" --obj_directory="FreeRTOS"  "C:/Users/bsqua/workspace_v12/Source/croutine.c"
 
>> Compilation failure
FreeRTOS/subdir_rules.mk:9: recipe for target 'FreeRTOS/croutine.obj' failed
Fatal error #1965: cannot open source file "C:/Users/bsqua/workspace_v12/Source/croutine.c"
1 catastrophic error detected in the compilation of "C:/Users/bsqua/workspace_v12/Source/croutine.c".
Compilation terminated.
gmake: *** [FreeRTOS/croutine.obj] Error 1
Building file: "C:/Users/bsqua/workspace_v12/Source/event_groups.c"
Invoking: Arm Compiler
"C:/ti/ccs1200/ccs/tools/compiler/ti-cgt-arm_20.2.6.LTS/bin/armcl" -mv7M4 --code_state=16 --float_support=FPv4SPD16 -me --include_path="C:/ti/ccs1200/ccs/ccs_base/arm/include" --include_path="C:/ti/ccs1200/ccs/ccs_base/arm/include/CMSIS" --include_path="C:/ti/ccs1200/ccs/tools/compiler/ti-cgt-arm_20.2.6.LTS/include" --include_path="C:/Users/bsqua/workspace_v12/Source/include" --include_path="C:/Users/bsqua/workspace_v12/Source/portable/CCS/ARM_CM4F" --include_path="C:/Users/bsqua/workspace_v12/15-ice-queues" --advice:power=all --define=__MSP432P401R__ --define=ccs -g --gcc --diag_warning=225 --diag_wrap=off --display_error_number --abi=eabi --preproc_with_compile --preproc_dependency="FreeRTOS/event_groups.d_raw" --obj_directory="FreeRTOS"  "C:/Users/bsqua/workspace_v12/Source/event_groups.c"
 
>> Compilation failure
FreeRTOS/subdir_rules.mk:16: recipe for target 'FreeRTOS/event_groups.obj' failed
Fatal error #1965: cannot open source file "C:/Users/bsqua/workspace_v12/Source/event_groups.c"
1 catastrophic error detected in the compilation of "C:/Users/bsqua/workspace_v12/Source/event_groups.c".
Compilation terminated.
gmake: *** [FreeRTOS/event_groups.obj] Error 1
Building file: "C:/Users/bsqua/workspace_v12/Source/portable/MemMang/heap_4.c"
Invoking: Arm Compiler
"C:/ti/ccs1200/ccs/tools/compiler/ti-cgt-arm_20.2.6.LTS/bin/armcl" -mv7M4 --code_state=16 --float_support=FPv4SPD16 -me --include_path="C:/ti/ccs1200/ccs/ccs_base/arm/include" --include_path="C:/ti/ccs1200/ccs/ccs_base/arm/include/CMSIS" --include_path="C:/ti/ccs1200/ccs/tools/compiler/ti-cgt-arm_20.2.6.LTS/include" --include_path="C:/Users/bsqua/workspace_v12/Source/include" --include_path="C:/Users/bsqua/workspace_v12/Source/portable/CCS/ARM_CM4F" --include_path="C:/Users/bsqua/workspace_v12/15-ice-queues" --advice:power=all --define=__MSP432P401R__ --define=ccs -g --gcc --diag_warning=225 --diag_wrap=off --display_error_number --abi=eabi --preproc_with_compile --preproc_dependency="FreeRTOS/heap_4.d_raw" --obj_directory="FreeRTOS"  "C:/Users/bsqua/workspace_v12/Source/portable/MemMang/heap_4.c"
 
>> Compilation failure
FreeRTOS/subdir_rules.mk:23: recipe for target 'FreeRTOS/heap_4.obj' failed
Fatal error #1965: cannot open source file "C:/Users/bsqua/workspace_v12/Source/portable/MemMang/heap_4.c"
1 catastrophic error detected in the compilation of "C:/Users/bsqua/workspace_v12/Source/portable/MemMang/heap_4.c".
Compilation terminated.
gmake: *** [FreeRTOS/heap_4.obj] Error 1
Building file: "C:/Users/bsqua/workspace_v12/Source/list.c"
Invoking: Arm Compiler
"C:/ti/ccs1200/ccs/tools/compiler/ti-cgt-arm_20.2.6.LTS/bin/armcl" -mv7M4 --code_state=16 --float_support=FPv4SPD16 -me --include_path="C:/ti/ccs1200/ccs/ccs_base/arm/include" --include_path="C:/ti/ccs1200/ccs/ccs_base/arm/include/CMSIS" --include_path="C:/ti/ccs1200/ccs/tools/compiler/ti-cgt-arm_20.2.6.LTS/include" --include_path="C:/Users/bsqua/workspace_v12/Source/include" --include_path="C:/Users/bsqua/workspace_v12/Source/portable/CCS/ARM_CM4F" --include_path="C:/Users/bsqua/workspace_v12/15-ice-queues" --advice:power=all --define=__MSP432P401R__ --define=ccs -g --gcc --diag_warning=225 --diag_wrap=off --display_error_number --abi=eabi --preproc_with_compile --preproc_dependency="FreeRTOS/list.d_raw" --obj_directory="FreeRTOS"  "C:/Users/bsqua/workspace_v12/Source/list.c"
 
>> Compilation failure
FreeRTOS/subdir_rules.mk:30: recipe for target 'FreeRTOS/list.obj' failed
Fatal error #1965: cannot open source file "C:/Users/bsqua/workspace_v12/Source/list.c"
1 catastrophic error detected in the compilation of "C:/Users/bsqua/workspace_v12/Source/list.c".
Compilation terminated.
gmake: *** [FreeRTOS/list.obj] Error 1
Building file: "C:/Users/bsqua/workspace_v12/Source/queue.c"
Invoking: Arm Compiler
"C:/ti/ccs1200/ccs/tools/compiler/ti-cgt-arm_20.2.6.LTS/bin/armcl" -mv7M4 --code_state=16 --float_support=FPv4SPD16 -me --include_path="C:/ti/ccs1200/ccs/ccs_base/arm/include" --include_path="C:/ti/ccs1200/ccs/ccs_base/arm/include/CMSIS" --include_path="C:/ti/ccs1200/ccs/tools/compiler/ti-cgt-arm_20.2.6.LTS/include" --include_path="C:/Users/bsqua/workspace_v12/Source/include" --include_path="C:/Users/bsqua/workspace_v12/Source/portable/CCS/ARM_CM4F" --include_path="C:/Users/bsqua/workspace_v12/15-ice-queues" --advice:power=all --define=__MSP432P401R__ --define=ccs -g --gcc --diag_warning=225 --diag_wrap=off --display_error_number --abi=eabi --preproc_with_compile --preproc_dependency="FreeRTOS/queue.d_raw" --obj_directory="FreeRTOS"  "C:/Users/bsqua/workspace_v12/Source/queue.c"
 
>> Compilation failure
FreeRTOS/subdir_rules.mk:37: recipe for target 'FreeRTOS/queue.obj' failed
Fatal error #1965: cannot open source file "C:/Users/bsqua/workspace_v12/Source/queue.c"
1 catastrophic error detected in the compilation of "C:/Users/bsqua/workspace_v12/Source/queue.c".
Compilation terminated.
gmake: *** [FreeRTOS/queue.obj] Error 1
Building file: "C:/Users/bsqua/workspace_v12/Source/stream_buffer.c"
Invoking: Arm Compiler
"C:/ti/ccs1200/ccs/tools/compiler/ti-cgt-arm_20.2.6.LTS/bin/armcl" -mv7M4 --code_state=16 --float_support=FPv4SPD16 -me --include_path="C:/ti/ccs1200/ccs/ccs_base/arm/include" --include_path="C:/ti/ccs1200/ccs/ccs_base/arm/include/CMSIS" --include_path="C:/ti/ccs1200/ccs/tools/compiler/ti-cgt-arm_20.2.6.LTS/include" --include_path="C:/Users/bsqua/workspace_v12/Source/include" --include_path="C:/Users/bsqua/workspace_v12/Source/portable/CCS/ARM_CM4F" --include_path="C:/Users/bsqua/workspace_v12/15-ice-queues" --advice:power=all --define=__MSP432P401R__ --define=ccs -g --gcc --diag_warning=225 --diag_wrap=off --display_error_number --abi=eabi --preproc_with_compile --preproc_dependency="FreeRTOS/stream_buffer.d_raw" --obj_directory="FreeRTOS"  "C:/Users/bsqua/workspace_v12/Source/stream_buffer.c"
 
>> Compilation failure
FreeRTOS/subdir_rules.mk:44: recipe for target 'FreeRTOS/stream_buffer.obj' failed
gmake: *** No rule to make target 'C:/Users/bsqua/workspace_v12/Source/portable/CCS/ARM_CM4F/portasm.asm', needed by 'FreeRTOS/portable/portasm.obj'.
Fatal error #1965: cannot open source file "C:/Users/bsqua/workspace_v12/Source/stream_buffer.c"
1 catastrophic error detected in the compilation of "C:/Users/bsqua/workspace_v12/Source/stream_buffer.c".
Compilation terminated.
gmake: *** [FreeRTOS/stream_buffer.obj] Error 1
Building file: "C:/Users/bsqua/workspace_v12/Source/tasks.c"
Invoking: Arm Compiler
"C:/ti/ccs1200/ccs/tools/compiler/ti-cgt-arm_20.2.6.LTS/bin/armcl" -mv7M4 --code_state=16 --float_support=FPv4SPD16 -me --include_path="C:/ti/ccs1200/ccs/ccs_base/arm/include" --include_path="C:/ti/ccs1200/ccs/ccs_base/arm/include/CMSIS" --include_path="C:/ti/ccs1200/ccs/tools/compiler/ti-cgt-arm_20.2.6.LTS/include" --include_path="C:/Users/bsqua/workspace_v12/Source/include" --include_path="C:/Users/bsqua/workspace_v12/Source/portable/CCS/ARM_CM4F" --include_path="C:/Users/bsqua/workspace_v12/15-ice-queues" --advice:power=all --define=__MSP432P401R__ --define=ccs -g --gcc --diag_warning=225 --diag_wrap=off --display_error_number --abi=eabi --preproc_with_compile --preproc_dependency="FreeRTOS/tasks.d_raw" --obj_directory="FreeRTOS"  "C:/Users/bsqua/workspace_v12/Source/tasks.c"
 
>> Compilation failure
FreeRTOS/subdir_rules.mk:51: recipe for target 'FreeRTOS/tasks.obj' failed
Fatal error #1965: cannot open source file "C:/Users/bsqua/workspace_v12/Source/tasks.c"
1 catastrophic error detected in the compilation of "C:/Users/bsqua/workspace_v12/Source/tasks.c".
Compilation terminated.
gmake: *** [FreeRTOS/tasks.obj] Error 1
Building file: "C:/Users/bsqua/workspace_v12/Source/timers.c"
Invoking: Arm Compiler
"C:/ti/ccs1200/ccs/tools/compiler/ti-cgt-arm_20.2.6.LTS/bin/armcl" -mv7M4 --code_state=16 --float_support=FPv4SPD16 -me --include_path="C:/ti/ccs1200/ccs/ccs_base/arm/include" --include_path="C:/ti/ccs1200/ccs/ccs_base/arm/include/CMSIS" --include_path="C:/ti/ccs1200/ccs/tools/compiler/ti-cgt-arm_20.2.6.LTS/include" --include_path="C:/Users/bsqua/workspace_v12/Source/include" --include_path="C:/Users/bsqua/workspace_v12/Source/portable/CCS/ARM_CM4F" --include_path="C:/Users/bsqua/workspace_v12/15-ice-queues" --advice:power=all --define=__MSP432P401R__ --define=ccs -g --gcc --diag_warning=225 --diag_wrap=off --display_error_number --abi=eabi --preproc_with_compile --preproc_dependency="FreeRTOS/timers.d_raw" --obj_directory="FreeRTOS"  "C:/Users/bsqua/workspace_v12/Source/timers.c"
 
>> Compilation failure
FreeRTOS/subdir_rules.mk:58: recipe for target 'FreeRTOS/timers.obj' failed
Fatal error #1965: cannot open source file "C:/Users/bsqua/workspace_v12/Source/timers.c"
1 catastrophic error detected in the compilation of "C:/Users/bsqua/workspace_v12/Source/timers.c".
Compilation terminated.
gmake: *** [FreeRTOS/timers.obj] Error 1
Building file: "C:/Users/bsqua/workspace_v12/Source/portable/CCS/ARM_CM4F/port.c"
Invoking: Arm Compiler
"C:/ti/ccs1200/ccs/tools/compiler/ti-cgt-arm_20.2.6.LTS/bin/armcl" -mv7M4 --code_state=16 --float_support=FPv4SPD16 -me --include_path="C:/ti/ccs1200/ccs/ccs_base/arm/include" --include_path="C:/ti/ccs1200/ccs/ccs_base/arm/include/CMSIS" --include_path="C:/ti/ccs1200/ccs/tools/compiler/ti-cgt-arm_20.2.6.LTS/include" --include_path="C:/Users/bsqua/workspace_v12/Source/include" --include_path="C:/Users/bsqua/workspace_v12/Source/portable/CCS/ARM_CM4F" --include_path="C:/Users/bsqua/workspace_v12/15-ice-queues" --advice:power=all --define=__MSP432P401R__ --define=ccs -g --gcc --diag_warning=225 --diag_wrap=off --display_error_number --abi=eabi --preproc_with_compile --preproc_dependency="FreeRTOS/portable/port.d_raw" --obj_directory="FreeRTOS/portable"  "C:/Users/bsqua/workspace_v12/Source/portable/CCS/ARM_CM4F/port.c"
 
>> Compilation failure
FreeRTOS/portable/subdir_rules.mk:9: recipe for target 'FreeRTOS/portable/port.obj' failed
Fatal error #1965: cannot open source file "C:/Users/bsqua/workspace_v12/Source/portable/CCS/ARM_CM4F/port.c"
1 catastrophic error detected in the compilation of "C:/Users/bsqua/workspace_v12/Source/portable/CCS/ARM_CM4F/port.c".
Compilation terminated.
gmake: *** [FreeRTOS/portable/port.obj] Error 1
Building file: "../main.c"
Invoking: Arm Compiler
"C:/ti/ccs1200/ccs/tools/compiler/ti-cgt-arm_20.2.6.LTS/bin/armcl" -mv7M4 --code_state=16 --float_support=FPv4SPD16 -me --include_path="C:/ti/ccs1200/ccs/ccs_base/arm/include" --include_path="C:/ti/ccs1200/ccs/ccs_base/arm/include/CMSIS" --include_path="C:/ti/ccs1200/ccs/tools/compiler/ti-cgt-arm_20.2.6.LTS/include" --include_path="C:/Users/bsqua/workspace_v12/Source/include" --include_path="C:/Users/bsqua/workspace_v12/Source/portable/CCS/ARM_CM4F" --include_path="C:/Users/bsqua/workspace_v12/15-ice-queues" --advice:power=all --define=__MSP432P401R__ --define=ccs -g --gcc --diag_warning=225 --diag_wrap=off --display_error_number --abi=eabi --preproc_with_compile --preproc_dependency="main.d_raw"  "../main.c"
 
>> Compilation failure
subdir_rules.mk:9: recipe for target 'main.obj' failed
"C:\Users\bsqua\workspace_v12\Source\include\portable.h", line 53: fatal error #1965: cannot open source file "portmacro.h"
1 catastrophic error detected in the compilation of "../main.c".
Compilation terminated.
gmake: *** [main.obj] Error 1
Building file: "../task_mkII_s1.c"
Invoking: Arm Compiler
"C:/ti/ccs1200/ccs/tools/compiler/ti-cgt-arm_20.2.6.LTS/bin/armcl" -mv7M4 --code_state=16 --float_support=FPv4SPD16 -me --include_path="C:/ti/ccs1200/ccs/ccs_base/arm/include" --include_path="C:/ti/ccs1200/ccs/ccs_base/arm/include/CMSIS" --include_path="C:/ti/ccs1200/ccs/tools/compiler/ti-cgt-arm_20.2.6.LTS/include" --include_path="C:/Users/bsqua/workspace_v12/Source/include" --include_path="C:/Users/bsqua/workspace_v12/Source/portable/CCS/ARM_CM4F" --include_path="C:/Users/bsqua/workspace_v12/15-ice-queues" --advice:power=all --define=__MSP432P401R__ --define=ccs -g --gcc --diag_warning=225 --diag_wrap=off --display_error_number --abi=eabi --preproc_with_compile --preproc_dependency="task_mkII_s1.d_raw"  "../task_mkII_s1.c"
 
>> Compilation failure
subdir_rules.mk:9: recipe for target 'task_mkII_s1.obj' failed
"C:\Users\bsqua\workspace_v12\Source\include\portable.h", line 53: fatal error #1965: cannot open source file "portmacro.h"
1 catastrophic error detected in the compilation of "../task_mkII_s1.c".
Compilation terminated.
gmake: *** [task_mkII_s1.obj] Error 1
Building file: "../task_led.c"
Invoking: Arm Compiler
"C:/ti/ccs1200/ccs/tools/compiler/ti-cgt-arm_20.2.6.LTS/bin/armcl" -mv7M4 --code_state=16 --float_support=FPv4SPD16 -me --include_path="C:/ti/ccs1200/ccs/ccs_base/arm/include" --include_path="C:/ti/ccs1200/ccs/ccs_base/arm/include/CMSIS" --include_path="C:/ti/ccs1200/ccs/tools/compiler/ti-cgt-arm_20.2.6.LTS/include" --include_path="C:/Users/bsqua/workspace_v12/Source/include" --include_path="C:/Users/bsqua/workspace_v12/Source/portable/CCS/ARM_CM4F" --include_path="C:/Users/bsqua/workspace_v12/15-ice-queues" --advice:power=all --define=__MSP432P401R__ --define=ccs -g --gcc --diag_warning=225 --diag_wrap=off --display_error_number --abi=eabi --preproc_with_compile --preproc_dependency="task_led.d_raw"  "../task_led.c"
 
>> Compilation failure
subdir_rules.mk:9: recipe for target 'task_led.obj' failed
"C:\Users\bsqua\workspace_v12\Source\include\portable.h", line 53: fatal error #1965: cannot open source file "portmacro.h"
1 catastrophic error detected in the compilation of "../task_led.c".
Compilation terminated.
gmake: *** [task_led.obj] Error 1
Building file: "../task_mkII_s2.c"
Invoking: Arm Compiler
"C:/ti/ccs1200/ccs/tools/compiler/ti-cgt-arm_20.2.6.LTS/bin/armcl" -mv7M4 --code_state=16 --float_support=FPv4SPD16 -me --include_path="C:/ti/ccs1200/ccs/ccs_base/arm/include" --include_path="C:/ti/ccs1200/ccs/ccs_base/arm/include/CMSIS" --include_path="C:/ti/ccs1200/ccs/tools/compiler/ti-cgt-arm_20.2.6.LTS/include" --include_path="C:/Users/bsqua/workspace_v12/Source/include" --include_path="C:/Users/bsqua/workspace_v12/Source/portable/CCS/ARM_CM4F" --include_path="C:/Users/bsqua/workspace_v12/15-ice-queues" --advice:power=all --define=__MSP432P401R__ --define=ccs -g --gcc --diag_warning=225 --diag_wrap=off --display_error_number --abi=eabi --preproc_with_compile --preproc_dependency="task_mkII_s2.d_raw"  "../task_mkII_s2.c"
 
>> Compilation failure
subdir_rules.mk:9: recipe for target 'task_mkII_s2.obj' failed
"C:\Users\bsqua\workspace_v12\Source\include\portable.h", line 53: fatal error #1965: cannot open source file "portmacro.h"
1 catastrophic error detected in the compilation of "../task_mkII_s2.c".
Compilation terminated.
gmake: *** [task_mkII_s2.obj] Error 1
gmake: Target 'all' not remade because of errors.

**** Build Finished ****
