
**** Build of configuration Debug for project FreeRTOS-base ****

"C:\\ti\\ccs1200\\ccs\\utils\\bin\\gmake" -k -j 12 all -O 
 
Building file: "../startup_msp432p401r_ccs.c"
Invoking: Arm Compiler
"C:/ti/ccs1200/ccs/tools/compiler/ti-cgt-arm_20.2.6.LTS/bin/armcl" -mv7M4 --code_state=16 --float_support=FPv4SPD16 -me --include_path="C:/ti/ccs1200/ccs/ccs_base/arm/include" --include_path="C:/ti/ccs1200/ccs/ccs_base/arm/include/CMSIS" --include_path="C:/ti/ccs1200/ccs/tools/compiler/ti-cgt-arm_20.2.6.LTS/include" --include_path="C:/Users/bsqua/workspace_v12/Source/include" --include_path="C:/Users/bsqua/workspace_v12/Source/portable/CCS/ARM_CM4F" --include_path="C:/Users/bsqua/workspace_v12/FreeRTOS-base" --advice:power=all --define=__MSP432P401R__ --define=ccs -g --gcc --diag_warning=225 --diag_wrap=off --display_error_number --abi=eabi --preproc_with_compile --preproc_dependency="startup_msp432p401r_ccs.d_raw"  "../startup_msp432p401r_ccs.c"
Finished building: "../startup_msp432p401r_ccs.c"
 
Building file: "C:/Users/bsqua/workspace_v12/Source/croutine.c"
Invoking: Arm Compiler
"C:/ti/ccs1200/ccs/tools/compiler/ti-cgt-arm_20.2.6.LTS/bin/armcl" -mv7M4 --code_state=16 --float_support=FPv4SPD16 -me --include_path="C:/ti/ccs1200/ccs/ccs_base/arm/include" --include_path="C:/ti/ccs1200/ccs/ccs_base/arm/include/CMSIS" --include_path="C:/ti/ccs1200/ccs/tools/compiler/ti-cgt-arm_20.2.6.LTS/include" --include_path="C:/Users/bsqua/workspace_v12/Source/include" --include_path="C:/Users/bsqua/workspace_v12/Source/portable/CCS/ARM_CM4F" --include_path="C:/Users/bsqua/workspace_v12/FreeRTOS-base" --advice:power=all --define=__MSP432P401R__ --define=ccs -g --gcc --diag_warning=225 --diag_wrap=off --display_error_number --abi=eabi --preproc_with_compile --preproc_dependency="FreeRTOS/croutine.d_raw" --obj_directory="FreeRTOS"  "C:/Users/bsqua/workspace_v12/Source/croutine.c"
Finished building: "C:/Users/bsqua/workspace_v12/Source/croutine.c"
 
Building file: "../main.c"
Invoking: Arm Compiler
"C:/ti/ccs1200/ccs/tools/compiler/ti-cgt-arm_20.2.6.LTS/bin/armcl" -mv7M4 --code_state=16 --float_support=FPv4SPD16 -me --include_path="C:/ti/ccs1200/ccs/ccs_base/arm/include" --include_path="C:/ti/ccs1200/ccs/ccs_base/arm/include/CMSIS" --include_path="C:/ti/ccs1200/ccs/tools/compiler/ti-cgt-arm_20.2.6.LTS/include" --include_path="C:/Users/bsqua/workspace_v12/Source/include" --include_path="C:/Users/bsqua/workspace_v12/Source/portable/CCS/ARM_CM4F" --include_path="C:/Users/bsqua/workspace_v12/FreeRTOS-base" --advice:power=all --define=__MSP432P401R__ --define=ccs -g --gcc --diag_warning=225 --diag_wrap=off --display_error_number --abi=eabi --preproc_with_compile --preproc_dependency="main.d_raw"  "../main.c"
"../main.c", line 72: remark #1527-D: (ULP 2.1) Detected SW delay loop using empty loop. Recommend using a timer module instead
"../main.c", line 78: remark #1527-D: (ULP 2.1) Detected SW delay loop using empty loop. Recommend using a timer module instead
"../main.c", line 106: warning #112-D: statement is unreachable
"../main.c", line 105: remark #1527-D: (ULP 2.1) Detected SW delay loop using empty loop. Recommend using a timer module instead
"../main.c", line 121: remark #1527-D: (ULP 2.1) Detected SW delay loop using empty loop. Recommend using a timer module instead
"../main.c", line 138: remark #1527-D: (ULP 2.1) Detected SW delay loop using empty loop. Recommend using a timer module instead
Finished building: "../main.c"
 
Building file: "C:/Users/bsqua/workspace_v12/Source/list.c"
Invoking: Arm Compiler
"C:/ti/ccs1200/ccs/tools/compiler/ti-cgt-arm_20.2.6.LTS/bin/armcl" -mv7M4 --code_state=16 --float_support=FPv4SPD16 -me --include_path="C:/ti/ccs1200/ccs/ccs_base/arm/include" --include_path="C:/ti/ccs1200/ccs/ccs_base/arm/include/CMSIS" --include_path="C:/ti/ccs1200/ccs/tools/compiler/ti-cgt-arm_20.2.6.LTS/include" --include_path="C:/Users/bsqua/workspace_v12/Source/include" --include_path="C:/Users/bsqua/workspace_v12/Source/portable/CCS/ARM_CM4F" --include_path="C:/Users/bsqua/workspace_v12/FreeRTOS-base" --advice:power=all --define=__MSP432P401R__ --define=ccs -g --gcc --diag_warning=225 --diag_wrap=off --display_error_number --abi=eabi --preproc_with_compile --preproc_dependency="FreeRTOS/list.d_raw" --obj_directory="FreeRTOS"  "C:/Users/bsqua/workspace_v12/Source/list.c"
"C:/Users/bsqua/workspace_v12/Source/list.c", line 168: remark #1527-D: (ULP 2.1) Detected SW delay loop using empty loop. Recommend using a timer module instead
Finished building: "C:/Users/bsqua/workspace_v12/Source/list.c"
 
Building file: "../system_msp432p401r.c"
Invoking: Arm Compiler
"C:/ti/ccs1200/ccs/tools/compiler/ti-cgt-arm_20.2.6.LTS/bin/armcl" -mv7M4 --code_state=16 --float_support=FPv4SPD16 -me --include_path="C:/ti/ccs1200/ccs/ccs_base/arm/include" --include_path="C:/ti/ccs1200/ccs/ccs_base/arm/include/CMSIS" --include_path="C:/ti/ccs1200/ccs/tools/compiler/ti-cgt-arm_20.2.6.LTS/include" --include_path="C:/Users/bsqua/workspace_v12/Source/include" --include_path="C:/Users/bsqua/workspace_v12/Source/portable/CCS/ARM_CM4F" --include_path="C:/Users/bsqua/workspace_v12/FreeRTOS-base" --advice:power=all --define=__MSP432P401R__ --define=ccs -g --gcc --diag_warning=225 --diag_wrap=off --display_error_number --abi=eabi --preproc_with_compile --preproc_dependency="system_msp432p401r.d_raw"  "../system_msp432p401r.c"
"../system_msp432p401r.c", line 156: remark #2624-D: (ULP 5.4) Detected an assignment to a type with size less than int. To avoid unnecessary sign extension, use int-sized types for local varaibles and convert to smaller types for static storage.
"../system_msp432p401r.c", line 189: remark #2624-D: (ULP 5.4) Detected an assignment to a type with size less than int. To avoid unnecessary sign extension, use int-sized types for local varaibles and convert to smaller types for static storage.
Finished building: "../system_msp432p401r.c"
 
Building file: "C:/Users/bsqua/workspace_v12/Source/portable/MemMang/heap_4.c"
Invoking: Arm Compiler
"C:/ti/ccs1200/ccs/tools/compiler/ti-cgt-arm_20.2.6.LTS/bin/armcl" -mv7M4 --code_state=16 --float_support=FPv4SPD16 -me --include_path="C:/ti/ccs1200/ccs/ccs_base/arm/include" --include_path="C:/ti/ccs1200/ccs/ccs_base/arm/include/CMSIS" --include_path="C:/ti/ccs1200/ccs/tools/compiler/ti-cgt-arm_20.2.6.LTS/include" --include_path="C:/Users/bsqua/workspace_v12/Source/include" --include_path="C:/Users/bsqua/workspace_v12/Source/portable/CCS/ARM_CM4F" --include_path="C:/Users/bsqua/workspace_v12/FreeRTOS-base" --advice:power=all --define=__MSP432P401R__ --define=ccs -g --gcc --diag_warning=225 --diag_wrap=off --display_error_number --abi=eabi --preproc_with_compile --preproc_dependency="FreeRTOS/heap_4.d_raw" --obj_directory="FreeRTOS"  "C:/Users/bsqua/workspace_v12/Source/portable/MemMang/heap_4.c"
"C:/Users/bsqua/workspace_v12/Source/portable/MemMang/heap_4.c", line 399: remark #1527-D: (ULP 2.1) Detected SW delay loop using empty loop. Recommend using a timer module instead
Finished building: "C:/Users/bsqua/workspace_v12/Source/portable/MemMang/heap_4.c"
 
Building file: "C:/Users/bsqua/workspace_v12/Source/event_groups.c"
Invoking: Arm Compiler
"C:/ti/ccs1200/ccs/tools/compiler/ti-cgt-arm_20.2.6.LTS/bin/armcl" -mv7M4 --code_state=16 --float_support=FPv4SPD16 -me --include_path="C:/ti/ccs1200/ccs/ccs_base/arm/include" --include_path="C:/ti/ccs1200/ccs/ccs_base/arm/include/CMSIS" --include_path="C:/ti/ccs1200/ccs/tools/compiler/ti-cgt-arm_20.2.6.LTS/include" --include_path="C:/Users/bsqua/workspace_v12/Source/include" --include_path="C:/Users/bsqua/workspace_v12/Source/portable/CCS/ARM_CM4F" --include_path="C:/Users/bsqua/workspace_v12/FreeRTOS-base" --advice:power=all --define=__MSP432P401R__ --define=ccs -g --gcc --diag_warning=225 --diag_wrap=off --display_error_number --abi=eabi --preproc_with_compile --preproc_dependency="FreeRTOS/event_groups.d_raw" --obj_directory="FreeRTOS"  "C:/Users/bsqua/workspace_v12/Source/event_groups.c"
Finished building: "C:/Users/bsqua/workspace_v12/Source/event_groups.c"
 
Building file: "C:/Users/bsqua/workspace_v12/Source/portable/CCS/ARM_CM4F/portasm.asm"
Invoking: Arm Compiler
"C:/ti/ccs1200/ccs/tools/compiler/ti-cgt-arm_20.2.6.LTS/bin/armcl" -mv7M4 --code_state=16 --float_support=FPv4SPD16 -me --include_path="C:/ti/ccs1200/ccs/ccs_base/arm/include" --include_path="C:/ti/ccs1200/ccs/ccs_base/arm/include/CMSIS" --include_path="C:/ti/ccs1200/ccs/tools/compiler/ti-cgt-arm_20.2.6.LTS/include" --include_path="C:/Users/bsqua/workspace_v12/Source/include" --include_path="C:/Users/bsqua/workspace_v12/Source/portable/CCS/ARM_CM4F" --include_path="C:/Users/bsqua/workspace_v12/FreeRTOS-base" --advice:power=all --define=__MSP432P401R__ --define=ccs -g --gcc --diag_warning=225 --diag_wrap=off --display_error_number --abi=eabi --preproc_with_compile --preproc_dependency="FreeRTOS/portable/portasm.d_raw" --obj_directory="FreeRTOS/portable"  "C:/Users/bsqua/workspace_v12/Source/portable/CCS/ARM_CM4F/portasm.asm"
Finished building: "C:/Users/bsqua/workspace_v12/Source/portable/CCS/ARM_CM4F/portasm.asm"
 
Building file: "C:/Users/bsqua/workspace_v12/Source/portable/CCS/ARM_CM4F/port.c"
Invoking: Arm Compiler
"C:/ti/ccs1200/ccs/tools/compiler/ti-cgt-arm_20.2.6.LTS/bin/armcl" -mv7M4 --code_state=16 --float_support=FPv4SPD16 -me --include_path="C:/ti/ccs1200/ccs/ccs_base/arm/include" --include_path="C:/ti/ccs1200/ccs/ccs_base/arm/include/CMSIS" --include_path="C:/ti/ccs1200/ccs/tools/compiler/ti-cgt-arm_20.2.6.LTS/include" --include_path="C:/Users/bsqua/workspace_v12/Source/include" --include_path="C:/Users/bsqua/workspace_v12/Source/portable/CCS/ARM_CM4F" --include_path="C:/Users/bsqua/workspace_v12/FreeRTOS-base" --advice:power=all --define=__MSP432P401R__ --define=ccs -g --gcc --diag_warning=225 --diag_wrap=off --display_error_number --abi=eabi --preproc_with_compile --preproc_dependency="FreeRTOS/portable/port.d_raw" --obj_directory="FreeRTOS/portable"  "C:/Users/bsqua/workspace_v12/Source/portable/CCS/ARM_CM4F/port.c"
"C:/Users/bsqua/workspace_v12/Source/portable/CCS/ARM_CM4F/port.c", line 265: remark #2624-D: (ULP 5.4) Detected an assignment to a type with size less than int. To avoid unnecessary sign extension, use int-sized types for local varaibles and convert to smaller types for static storage.
"C:/Users/bsqua/workspace_v12/Source/portable/CCS/ARM_CM4F/port.c", line 265: remark #2624-D: (ULP 5.4) Detected an assignment to a type with size less than int. To avoid unnecessary sign extension, use int-sized types for local varaibles and convert to smaller types for static storage.
"C:/Users/bsqua/workspace_v12/Source/portable/CCS/ARM_CM4F/port.c", line 172: remark #1534-D: (ULP 7.1) Detected use of global variable "pcInterruptPriorityRegisters" within one function "vPortValidateInterruptPriority". Recommend placing variable in the function locally
Finished building: "C:/Users/bsqua/workspace_v12/Source/portable/CCS/ARM_CM4F/port.c"
 
Building file: "C:/Users/bsqua/workspace_v12/Source/timers.c"
Invoking: Arm Compiler
"C:/ti/ccs1200/ccs/tools/compiler/ti-cgt-arm_20.2.6.LTS/bin/armcl" -mv7M4 --code_state=16 --float_support=FPv4SPD16 -me --include_path="C:/ti/ccs1200/ccs/ccs_base/arm/include" --include_path="C:/ti/ccs1200/ccs/ccs_base/arm/include/CMSIS" --include_path="C:/ti/ccs1200/ccs/tools/compiler/ti-cgt-arm_20.2.6.LTS/include" --include_path="C:/Users/bsqua/workspace_v12/Source/include" --include_path="C:/Users/bsqua/workspace_v12/Source/portable/CCS/ARM_CM4F" --include_path="C:/Users/bsqua/workspace_v12/FreeRTOS-base" --advice:power=all --define=__MSP432P401R__ --define=ccs -g --gcc --diag_warning=225 --diag_wrap=off --display_error_number --abi=eabi --preproc_with_compile --preproc_dependency="FreeRTOS/timers.d_raw" --obj_directory="FreeRTOS"  "C:/Users/bsqua/workspace_v12/Source/timers.c"
"C:/Users/bsqua/workspace_v12/Source/timers.c", line 137: remark #1534-D: (ULP 7.1) Detected use of global variable "xActiveTimerList1" within one function "prvCheckForValidListAndQueue". Recommend placing variable in the function locally
"C:/Users/bsqua/workspace_v12/Source/timers.c", line 138: remark #1534-D: (ULP 7.1) Detected use of global variable "xActiveTimerList2" within one function "prvCheckForValidListAndQueue". Recommend placing variable in the function locally
Finished building: "C:/Users/bsqua/workspace_v12/Source/timers.c"
 
Building file: "C:/Users/bsqua/workspace_v12/Source/stream_buffer.c"
Invoking: Arm Compiler
"C:/ti/ccs1200/ccs/tools/compiler/ti-cgt-arm_20.2.6.LTS/bin/armcl" -mv7M4 --code_state=16 --float_support=FPv4SPD16 -me --include_path="C:/ti/ccs1200/ccs/ccs_base/arm/include" --include_path="C:/ti/ccs1200/ccs/ccs_base/arm/include/CMSIS" --include_path="C:/ti/ccs1200/ccs/tools/compiler/ti-cgt-arm_20.2.6.LTS/include" --include_path="C:/Users/bsqua/workspace_v12/Source/include" --include_path="C:/Users/bsqua/workspace_v12/Source/portable/CCS/ARM_CM4F" --include_path="C:/Users/bsqua/workspace_v12/FreeRTOS-base" --advice:power=all --define=__MSP432P401R__ --define=ccs -g --gcc --diag_warning=225 --diag_wrap=off --display_error_number --abi=eabi --preproc_with_compile --preproc_dependency="FreeRTOS/stream_buffer.d_raw" --obj_directory="FreeRTOS"  "C:/Users/bsqua/workspace_v12/Source/stream_buffer.c"
"C:/Users/bsqua/workspace_v12/Source/stream_buffer.c", line 1157: remark #1542-D: (ULP 12.1) Detected memcpy() and recommend using DMA instead if greater than 100 words being transferred
"C:/Users/bsqua/workspace_v12/Source/stream_buffer.c", line 1165: remark #1542-D: (ULP 12.1) Detected memcpy() and recommend using DMA instead if greater than 100 words being transferred
"C:/Users/bsqua/workspace_v12/Source/stream_buffer.c", line 1205: remark #1542-D: (ULP 12.1) Detected memcpy() and recommend using DMA instead if greater than 100 words being transferred
"C:/Users/bsqua/workspace_v12/Source/stream_buffer.c", line 1212: remark #1542-D: (ULP 12.1) Detected memcpy() and recommend using DMA instead if greater than 100 words being transferred
Finished building: "C:/Users/bsqua/workspace_v12/Source/stream_buffer.c"
 
Building file: "C:/Users/bsqua/workspace_v12/Source/queue.c"
Invoking: Arm Compiler
"C:/ti/ccs1200/ccs/tools/compiler/ti-cgt-arm_20.2.6.LTS/bin/armcl" -mv7M4 --code_state=16 --float_support=FPv4SPD16 -me --include_path="C:/ti/ccs1200/ccs/ccs_base/arm/include" --include_path="C:/ti/ccs1200/ccs/ccs_base/arm/include/CMSIS" --include_path="C:/ti/ccs1200/ccs/tools/compiler/ti-cgt-arm_20.2.6.LTS/include" --include_path="C:/Users/bsqua/workspace_v12/Source/include" --include_path="C:/Users/bsqua/workspace_v12/Source/portable/CCS/ARM_CM4F" --include_path="C:/Users/bsqua/workspace_v12/FreeRTOS-base" --advice:power=all --define=__MSP432P401R__ --define=ccs -g --gcc --diag_warning=225 --diag_wrap=off --display_error_number --abi=eabi --preproc_with_compile --preproc_dependency="FreeRTOS/queue.d_raw" --obj_directory="FreeRTOS"  "C:/Users/bsqua/workspace_v12/Source/queue.c"
"C:/Users/bsqua/workspace_v12/Source/queue.c", line 2190: remark #1542-D: (ULP 12.1) Detected memcpy() and recommend using DMA instead if greater than 100 words being transferred
"C:/Users/bsqua/workspace_v12/Source/queue.c", line 2204: remark #1542-D: (ULP 12.1) Detected memcpy() and recommend using DMA instead if greater than 100 words being transferred
"C:/Users/bsqua/workspace_v12/Source/queue.c", line 2259: remark #1542-D: (ULP 12.1) Detected memcpy() and recommend using DMA instead if greater than 100 words being transferred
"C:/Users/bsqua/workspace_v12/Source/queue.c", line 2345: remark #2624-D: (ULP 5.4) Detected an assignment to a type with size less than int. To avoid unnecessary sign extension, use int-sized types for local varaibles and convert to smaller types for static storage.
"C:/Users/bsqua/workspace_v12/Source/queue.c", line 2370: remark #2624-D: (ULP 5.4) Detected an assignment to a type with size less than int. To avoid unnecessary sign extension, use int-sized types for local varaibles and convert to smaller types for static storage.
"C:/Users/bsqua/workspace_v12/Source/queue.c", line 2345: remark #2624-D: (ULP 5.4) Detected an assignment to a type with size less than int. To avoid unnecessary sign extension, use int-sized types for local varaibles and convert to smaller types for static storage.
"C:/Users/bsqua/workspace_v12/Source/queue.c", line 2370: remark #2624-D: (ULP 5.4) Detected an assignment to a type with size less than int. To avoid unnecessary sign extension, use int-sized types for local varaibles and convert to smaller types for static storage.
Finished building: "C:/Users/bsqua/workspace_v12/Source/queue.c"
 
Building file: "C:/Users/bsqua/workspace_v12/Source/tasks.c"
Invoking: Arm Compiler
"C:/ti/ccs1200/ccs/tools/compiler/ti-cgt-arm_20.2.6.LTS/bin/armcl" -mv7M4 --code_state=16 --float_support=FPv4SPD16 -me --include_path="C:/ti/ccs1200/ccs/ccs_base/arm/include" --include_path="C:/ti/ccs1200/ccs/ccs_base/arm/include/CMSIS" --include_path="C:/ti/ccs1200/ccs/tools/compiler/ti-cgt-arm_20.2.6.LTS/include" --include_path="C:/Users/bsqua/workspace_v12/Source/include" --include_path="C:/Users/bsqua/workspace_v12/Source/portable/CCS/ARM_CM4F" --include_path="C:/Users/bsqua/workspace_v12/FreeRTOS-base" --advice:power=all --define=__MSP432P401R__ --define=ccs -g --gcc --diag_warning=225 --diag_wrap=off --display_error_number --abi=eabi --preproc_with_compile --preproc_dependency="FreeRTOS/tasks.d_raw" --obj_directory="FreeRTOS"  "C:/Users/bsqua/workspace_v12/Source/tasks.c"
"C:/Users/bsqua/workspace_v12/Source/tasks.c", line 347: remark #1534-D: (ULP 7.1) Detected use of global variable "xDelayedTaskList1" within one function "prvInitialiseTaskLists". Recommend placing variable in the function locally
"C:/Users/bsqua/workspace_v12/Source/tasks.c", line 348: remark #1534-D: (ULP 7.1) Detected use of global variable "xDelayedTaskList2" within one function "prvInitialiseTaskLists". Recommend placing variable in the function locally
"C:/Users/bsqua/workspace_v12/Source/tasks.c", line 382: remark #1534-D: (ULP 7.1) Detected use of global variable "xIdleTaskHandle" within one function "vTaskStartScheduler". Recommend placing variable in the function locally
Finished building: "C:/Users/bsqua/workspace_v12/Source/tasks.c"
 
Building target: "FreeRTOS-base.out"
Invoking: Arm Linker
"C:/ti/ccs1200/ccs/tools/compiler/ti-cgt-arm_20.2.6.LTS/bin/armcl" -mv7M4 --code_state=16 --float_support=FPv4SPD16 -me --advice:power=all --define=__MSP432P401R__ --define=ccs -g --gcc --diag_warning=225 --diag_wrap=off --display_error_number --abi=eabi -z -m"FreeRTOS-base.map" --heap_size=1024 --stack_size=512 -i"C:/ti/ccs1200/ccs/ccs_base/arm/include" -i"C:/ti/ccs1200/ccs/tools/compiler/ti-cgt-arm_20.2.6.LTS/lib" -i"C:/ti/ccs1200/ccs/tools/compiler/ti-cgt-arm_20.2.6.LTS/include" --reread_libs --diag_wrap=off --display_error_number --warn_sections --xml_link_info="FreeRTOS-base_linkInfo.xml" --rom_model -o "FreeRTOS-base.out" "./main.obj" "./startup_msp432p401r_ccs.obj" "./system_msp432p401r.obj" "./FreeRTOS/croutine.obj" "./FreeRTOS/event_groups.obj" "./FreeRTOS/heap_4.obj" "./FreeRTOS/list.obj" "./FreeRTOS/queue.obj" "./FreeRTOS/stream_buffer.obj" "./FreeRTOS/tasks.obj" "./FreeRTOS/timers.obj" "./FreeRTOS/portable/port.obj" "./FreeRTOS/portable/portasm.obj" "../msp432p401r.cmd"  -llibc.a 
<Linking>
remark #10371-D: (ULP 1.1) Detected no uses of low power mode state changing instructions
remark #10372-D: (ULP 4.1) Detected uninitialized Port 1 in this project. Recommend initializing all unused ports to eliminate wasted current consumption on unused pins.
remark #10372-D: (ULP 4.1) Detected uninitialized Port 2 in this project. Recommend initializing all unused ports to eliminate wasted current consumption on unused pins.
remark #10372-D: (ULP 4.1) Detected uninitialized Port 3 in this project. Recommend initializing all unused ports to eliminate wasted current consumption on unused pins.
remark #10372-D: (ULP 4.1) Detected uninitialized Port 4 in this project. Recommend initializing all unused ports to eliminate wasted current consumption on unused pins.
remark #10372-D: (ULP 4.1) Detected uninitialized Port 5 in this project. Recommend initializing all unused ports to eliminate wasted current consumption on unused pins.
remark #10372-D: (ULP 4.1) Detected uninitialized Port 6 in this project. Recommend initializing all unused ports to eliminate wasted current consumption on unused pins.
remark #10372-D: (ULP 4.1) Detected uninitialized Port 7 in this project. Recommend initializing all unused ports to eliminate wasted current consumption on unused pins.
remark #10372-D: (ULP 4.1) Detected uninitialized Port 8 in this project. Recommend initializing all unused ports to eliminate wasted current consumption on unused pins.
remark #10372-D: (ULP 4.1) Detected uninitialized Port 9 in this project. Recommend initializing all unused ports to eliminate wasted current consumption on unused pins.
remark #10372-D: (ULP 4.1) Detected uninitialized Port 10 in this project. Recommend initializing all unused ports to eliminate wasted current consumption on unused pins.
Finished building target: "FreeRTOS-base.out"
 

**** Build Finished ****
