
**** Build of configuration Debug for project HW02_F22 ****

"C:\\ti\\ccs1200\\ccs\\utils\\bin\\gmake" -k -j 12 all -O 
 
Building file: "../main.c"
Invoking: Arm Compiler
"C:/ti/ccs1200/ccs/tools/compiler/ti-cgt-arm_20.2.6.LTS/bin/armcl" -mv7M4 --code_state=16 --float_support=FPv4SPD16 -me --include_path="C:/ti/ccs1200/ccs/ccs_base/arm/include" --include_path="C:/ti/ccs1200/ccs/ccs_base/arm/include/CMSIS" --include_path="C:/Users/bsqua/Downloads/HW02_F22" --include_path="C:/ti/ccs1200/ccs/tools/compiler/ti-cgt-arm_20.2.6.LTS/include" --advice:power=all --define=__MSP432P401R__ --define=ccs -g --gcc --diag_warning=225 --diag_wrap=off --display_error_number --abi=eabi --preproc_with_compile --preproc_dependency="main.d_raw"  "../main.c"
"../main.c", line 17: remark #1527-D: (ULP 2.1) Detected SW delay loop using empty loop. Recommend using a timer module instead
Finished building: "../main.c"
 
Building file: "../student/hw2.c"
Invoking: Arm Compiler
"C:/ti/ccs1200/ccs/tools/compiler/ti-cgt-arm_20.2.6.LTS/bin/armcl" -mv7M4 --code_state=16 --float_support=FPv4SPD16 -me --include_path="C:/ti/ccs1200/ccs/ccs_base/arm/include" --include_path="C:/ti/ccs1200/ccs/ccs_base/arm/include/CMSIS" --include_path="C:/Users/bsqua/Downloads/HW02_F22" --include_path="C:/ti/ccs1200/ccs/tools/compiler/ti-cgt-arm_20.2.6.LTS/include" --advice:power=all --define=__MSP432P401R__ --define=ccs -g --gcc --diag_warning=225 --diag_wrap=off --display_error_number --abi=eabi --preproc_with_compile --preproc_dependency="student/hw2.d_raw" --obj_directory="student"  "../student/hw2.c"
"../student/hw2.c", line 64: remark #1527-D: (ULP 2.1) Detected SW delay loop using empty loop. Recommend using a timer module instead
"../student/hw2.c", line 91: remark #1527-D: (ULP 2.1) Detected SW delay loop using empty loop. Recommend using a timer module instead
"../student/hw2.c", line 162: warning #169-D: argument of type "volatile char *" is incompatible with parameter of type "char *"
"../student/hw2.c", line 198: warning #169-D: argument of type "volatile char *" is incompatible with parameter of type "void *"
"../student/hw2.c", line 133: warning #179-D: variable "pixel_delay" was declared but never referenced
"../student/hw2.c", line 162: remark #2624-D: (ULP 5.4) Detected an assignment to a type with size less than int. To avoid unnecessary sign extension, use int-sized types for local varaibles and convert to smaller types for static storage.
"../student/hw2.c", line 162: remark #2624-D: (ULP 5.4) Detected an assignment to a type with size less than int. To avoid unnecessary sign extension, use int-sized types for local varaibles and convert to smaller types for static storage.
"../student/hw2.c", line 168: remark #1532-D: (ULP 5.3) Detected printf() operation(s). Recommend moving them to RAM during run time or not using as these are processing/power intensive
"../student/hw2.c", line 171: remark #1532-D: (ULP 5.3) Detected printf() operation(s). Recommend moving them to RAM during run time or not using as these are processing/power intensive
"../student/hw2.c", line 214: remark #1532-D: (ULP 5.3) Detected printf() operation(s). Recommend moving them to RAM during run time or not using as these are processing/power intensive
"../student/hw2.c", line 215: remark #1532-D: (ULP 5.3) Detected printf() operation(s). Recommend moving them to RAM during run time or not using as these are processing/power intensive
"../student/hw2.c", line 216: remark #1532-D: (ULP 5.3) Detected printf() operation(s). Recommend moving them to RAM during run time or not using as these are processing/power intensive
"../student/hw2.c", line 217: remark #1532-D: (ULP 5.3) Detected printf() operation(s). Recommend moving them to RAM during run time or not using as these are processing/power intensive
"../student/hw2.c", line 218: remark #1532-D: (ULP 5.3) Detected printf() operation(s). Recommend moving them to RAM during run time or not using as these are processing/power intensive
"../student/hw2.c", line 219: remark #1532-D: (ULP 5.3) Detected printf() operation(s). Recommend moving them to RAM during run time or not using as these are processing/power intensive
"../student/hw2.c", line 220: remark #1532-D: (ULP 5.3) Detected printf() operation(s). Recommend moving them to RAM during run time or not using as these are processing/power intensive
"../student/hw2.c", line 221: remark #1532-D: (ULP 5.3) Detected printf() operation(s). Recommend moving them to RAM during run time or not using as these are processing/power intensive
"../student/hw2.c", line 222: remark #1532-D: (ULP 5.3) Detected printf() operation(s). Recommend moving them to RAM during run time or not using as these are processing/power intensive
"../student/hw2.c", line 223: remark #1532-D: (ULP 5.3) Detected printf() operation(s). Recommend moving them to RAM during run time or not using as these are processing/power intensive
"../student/hw2.c", line 224: remark #1532-D: (ULP 5.3) Detected printf() operation(s). Recommend moving them to RAM during run time or not using as these are processing/power intensive
"../student/hw2.c", line 225: remark #1532-D: (ULP 5.3) Detected printf() operation(s). Recommend moving them to RAM during run time or not using as these are processing/power intensive
Finished building: "../student/hw2.c"
 
Building target: "HW02_F22.out"
Invoking: Arm Linker
"C:/ti/ccs1200/ccs/tools/compiler/ti-cgt-arm_20.2.6.LTS/bin/armcl" -mv7M4 --code_state=16 --float_support=FPv4SPD16 -me --advice:power=all --define=__MSP432P401R__ --define=ccs -g --gcc --diag_warning=225 --diag_wrap=off --display_error_number --abi=eabi -z -m"HW02_F22.map" --heap_size=1024 --stack_size=512 -i"C:/ti/ccs1200/ccs/ccs_base/arm/include" -i"C:/ti/ccs1200/ccs/tools/compiler/ti-cgt-arm_20.2.6.LTS/lib" -i"C:/ti/ccs1200/ccs/tools/compiler/ti-cgt-arm_20.2.6.LTS/include" --reread_libs --diag_wrap=off --display_error_number --warn_sections --xml_link_info="HW02_F22_linkInfo.xml" --rom_model -o "HW02_F22.out" "./main.obj" "./startup_msp432p401r_ccs.obj" "./system_msp432p401r.obj" "./staff/cli_validate.obj" "./staff/space_ship.obj" "./student/circular_buffer.obj" "./student/cli.obj" "./student/hw2.obj" "./student/lcd.obj" "./student/serial_debug.obj" "./student/timer32.obj" "../msp432p401r.cmd"  -llibc.a 
<Linking>
remark #10371-D: (ULP 1.1) Detected no uses of low power mode state changing instructions
remark #10372-D: (ULP 4.1) Detected uninitialized Port 1 in this project. Recommend initializing all unused ports to eliminate wasted current consumption on unused pins.
remark #10372-D: (ULP 4.1) Detected uninitialized Port 2 in this project. Recommend initializing all unused ports to eliminate wasted current consumption on unused pins.
remark #10372-D: (ULP 4.1) Detected uninitialized Port 3 in this project. Recommend initializing all unused ports to eliminate wasted current consumption on unused pins.
remark #10372-D: (ULP 4.1) Detected uninitialized Port 4 in this project. Recommend initializing all unused ports to eliminate wasted current consumption on unused pins.
remark #10372-D: (ULP 4.1) Detected uninitialized Port 5 in this project. Recommend initializing all unused ports to eliminate wasted current consumption on unused pins.
remark #10372-D: (ULP 4.1) Detected uninitialized Port 6 in this project. Recommend initializing all unused ports to eliminate wasted current consumption on unused pins.
remark #10372-D: (ULP 4.1) Detected uninitialized Port 7 in this project. Recommend initializing all unused ports to eliminate wasted current consumption on unused pins.
remark #10372-D: (ULP 4.1) Detected uninitialized Port 8 in this project. Recommend initializing all unused ports to eliminate wasted current consumption on unused pins.
remark #10372-D: (ULP 4.1) Detected uninitialized Port 9 in this project. Recommend initializing all unused ports to eliminate wasted current consumption on unused pins.
remark #10372-D: (ULP 4.1) Detected uninitialized Port 10 in this project. Recommend initializing all unused ports to eliminate wasted current consumption on unused pins.
Finished building target: "HW02_F22.out"
 

**** Build Finished ****
